<?xml version="1.0" encoding="UTF-8"?>
<!-- Generated by org.testng.reporters.JUnitReportReporter -->
<testsuite skipped="0" hostname="DESKTOP-TF7IME7" name="com.testrunner.TestRunner" tests="1" failures="0" timestamp="20 Oct 2020 03:23:03 GMT" time="15.264" errors="0">
  <testcase name="feature" time="15.264" classname="com.testrunner.TestRunner"/>
</testsuite> <!-- com.testrunner.TestRunner -->
